<?xml version="1.0" encoding="UTF-8"?>
<testsuites>
  <testsuite name="My Test Suite" tests="3" assertions="4" failures="1" errors="0" time="15.776495">
    <testsuite name="SimpleTest" file="/home/priit/cryptodev/git/GreenhouseCI-Android/GreenhouseCI/appium/php/SimpleTest.php" tests="3" assertions="4" failures="1" errors="0" time="15.776495">
      <testsuite name="SimpleTest: " tests="3" assertions="4" failures="1" errors="0" time="15.776495">
        <testcase name="testUiComputation" class="SimpleTest" file="/home/priit/cryptodev/git/GreenhouseCI-Android/GreenhouseCI/appium/php/SimpleTest.php" line="48" assertions="1" time="4.687322"/>
        <testcase name="testFailedAssertion" class="SimpleTest" file="/home/priit/cryptodev/git/GreenhouseCI-Android/GreenhouseCI/appium/php/SimpleTest.php" line="53" assertions="1" time="4.740845">
          <failure type="PHPUnit_Framework_ExpectationFailedException">SimpleTest::testFailedAssertion
Failed asserting that false matches expected true.

/home/priit/cryptodev/git/GreenhouseCI-Android/GreenhouseCI/appium/php/SimpleTest.php:55
</failure>
        </testcase>
        <testcase name="testUi" class="SimpleTest" file="/home/priit/cryptodev/git/GreenhouseCI-Android/GreenhouseCI/appium/php/SimpleTest.php" line="59" assertions="2" time="6.348328">
          <system-out>
In testUi
</system-out>
        </testcase>
      </testsuite>
    </testsuite>
  </testsuite>
</testsuites>
